<?xml version="1.0" encoding="UTF-8"?>
<!-- Generated by org.testng.reporters.JUnitReportReporter -->
<testsuite hostname="DESKTOP-SGMKDB3" failures="0" tests="1" name="Pooja.PoojaLambdaTest.AppTest" time="0.010" errors="0" timestamp="2024-04-21T12:00:29 IST" skipped="0">
  <testcase classname="Pooja.PoojaLambdaTest.AppTest" name="testApp" time="0.010"/>
  <system-out/>
</testsuite> <!-- Pooja.PoojaLambdaTest.AppTest -->
